2021-11-11 08:16:32.852  INFO 2828 --- [restartedMain] c.a.p.a.a.PhotoAppApiAlbumsApplication   : No active profile set, falling back to default profiles: default
2021-11-11 08:16:35.383  WARN 2828 --- [restartedMain] o.s.boot.actuate.endpoint.EndpointId     : Endpoint ID 'service-registry' contains invalid characters, please migrate to a valid format.
2021-11-11 08:16:35.859  INFO 2828 --- [restartedMain] o.s.cloud.context.scope.GenericScope     : BeanFactory id=89ab7fb8-937e-3ce1-9610-146928291514
2021-11-11 08:16:36.029  INFO 2828 --- [restartedMain] trationDelegate$BeanPostProcessorChecker : Bean 'org.springframework.cloud.autoconfigure.ConfigurationPropertiesRebinderAutoConfiguration' of type [org.springframework.cloud.autoconfigure.ConfigurationPropertiesRebinderAutoConfiguration$$EnhancerBySpringCGLIB$$cb2bda74] is not eligible for getting processed by all BeanPostProcessors (for example: not eligible for auto-proxying)
2021-11-11 08:16:37.691  INFO 2828 --- [restartedMain] o.s.b.w.embedded.tomcat.TomcatWebServer  : Tomcat initialized with port(s): 0 (http)
2021-11-11 08:16:37.754  INFO 2828 --- [restartedMain] o.apache.catalina.core.StandardService   : Starting service [Tomcat]
2021-11-11 08:16:37.754  INFO 2828 --- [restartedMain] org.apache.catalina.core.StandardEngine  : Starting Servlet engine: [Apache Tomcat/9.0.14]
2021-11-11 08:16:37.779  INFO 2828 --- [restartedMain] o.a.catalina.core.AprLifecycleListener   : The APR based Apache Tomcat Native library which allows optimal performance in production environments was not found on the java.library.path: [C:\Users\Saddam Hussain\.p2\pool\plugins\org.eclipse.justj.openjdk.hotspot.jre.full.win32.x86_64_15.0.2.v20210201-0955\jre\bin;C:\WINDOWS\Sun\Java\bin;C:\WINDOWS\system32;C:\WINDOWS;C:/Users/Saddam Hussain/.p2/pool/plugins/org.eclipse.justj.openjdk.hotspot.jre.full.win32.x86_64_15.0.2.v20210201-0955/jre/bin/server;C:/Users/Saddam Hussain/.p2/pool/plugins/org.eclipse.justj.openjdk.hotspot.jre.full.win32.x86_64_15.0.2.v20210201-0955/jre/bin;C:\Program Files (x86)\Common Files\Oracle\Java\javapath;C:\WINDOWS\system32;C:\WINDOWS;C:\WINDOWS\System32\Wbem;C:\WINDOWS\System32\WindowsPowerShell\v1.0\;C:\Program Files\Microsoft VS Code\bin;C:\Program Files\nodejs\;C:\WINDOWS\System32\OpenSSH\;C:\Program Files\Git\cmd;C:\Program Files\apache-maven-3.8.1-bin\apache-maven-3.8.1\bin;C:\Program Files\Java\jdk1.8.0_281\bin;C:\Program Files (x86)\Brackets\command;C:\Users\Saddam Hussain\AppData\Roaming\npm;C:\Users\Saddam Hussain\AppData\Local\Microsoft\WindowsApps;C:\Program Files\sonarqube-6.3.1\bin;;C:\Users\Saddam Hussain\Desktop;;.]
2021-11-11 08:16:38.087  INFO 2828 --- [restartedMain] o.a.c.c.C.[Tomcat].[localhost].[/]       : Initializing Spring embedded WebApplicationContext
2021-11-11 08:16:38.088  INFO 2828 --- [restartedMain] o.s.web.context.ContextLoader            : Root WebApplicationContext: initialization completed in 5113 ms
2021-11-11 08:16:38.337  WARN 2828 --- [restartedMain] c.n.c.sources.URLConfigurationSource     : No URLs will be polled as dynamic configuration sources.
2021-11-11 08:16:38.337  INFO 2828 --- [restartedMain] c.n.c.sources.URLConfigurationSource     : To enable URLs as dynamic configuration sources, define System property archaius.configurationSource.additionalUrls or make config.properties available on classpath.
2021-11-11 08:16:38.376  INFO 2828 --- [restartedMain] c.netflix.config.DynamicPropertyFactory  : DynamicPropertyFactory is initialized with configuration sources: com.netflix.config.ConcurrentCompositeConfiguration@59539c8d
2021-11-11 08:16:39.602  WARN 2828 --- [restartedMain] c.n.c.sources.URLConfigurationSource     : No URLs will be polled as dynamic configuration sources.
2021-11-11 08:16:39.603  INFO 2828 --- [restartedMain] c.n.c.sources.URLConfigurationSource     : To enable URLs as dynamic configuration sources, define System property archaius.configurationSource.additionalUrls or make config.properties available on classpath.
2021-11-11 08:16:39.991  INFO 2828 --- [restartedMain] o.s.s.concurrent.ThreadPoolTaskExecutor  : Initializing ExecutorService 'applicationTaskExecutor'
2021-11-11 08:16:40.725  WARN 2828 --- [restartedMain] o.s.b.d.a.OptionalLiveReloadServer       : Unable to start LiveReload server
2021-11-11 08:16:41.133  INFO 2828 --- [restartedMain] o.s.b.a.e.web.EndpointLinksResolver      : Exposing 2 endpoint(s) beneath base path '/actuator'
2021-11-11 08:16:41.402  INFO 2828 --- [restartedMain] o.s.b.w.embedded.tomcat.TomcatWebServer  : Tomcat started on port(s): 51334 (http) with context path ''
2021-11-11 08:16:41.403  INFO 2828 --- [restartedMain] .s.c.n.e.s.EurekaAutoServiceRegistration : Updating port to 51334
2021-11-11 08:16:41.420  INFO 2828 --- [restartedMain] o.s.c.n.eureka.InstanceInfoFactory       : Setting initial instance status as: STARTING
2021-11-11 08:16:41.554  INFO 2828 --- [restartedMain] com.netflix.discovery.DiscoveryClient    : Initializing Eureka in region us-east-1
2021-11-11 08:16:42.033  INFO 2828 --- [restartedMain] c.n.d.provider.DiscoveryJerseyProvider   : Using JSON encoding codec LegacyJacksonJson
2021-11-11 08:16:42.035  INFO 2828 --- [restartedMain] c.n.d.provider.DiscoveryJerseyProvider   : Using JSON decoding codec LegacyJacksonJson
2021-11-11 08:16:42.640  INFO 2828 --- [restartedMain] c.n.d.provider.DiscoveryJerseyProvider   : Using XML encoding codec XStreamXml
2021-11-11 08:16:42.641  INFO 2828 --- [restartedMain] c.n.d.provider.DiscoveryJerseyProvider   : Using XML decoding codec XStreamXml
2021-11-11 08:16:43.047  INFO 2828 --- [restartedMain] c.n.d.s.r.aws.ConfigClusterResolver      : Resolving eureka endpoints via configuration
2021-11-11 08:16:43.089  INFO 2828 --- [restartedMain] com.netflix.discovery.DiscoveryClient    : Disable delta property : false
2021-11-11 08:16:43.089  INFO 2828 --- [restartedMain] com.netflix.discovery.DiscoveryClient    : Single vip registry refresh property : null
2021-11-11 08:16:43.089  INFO 2828 --- [restartedMain] com.netflix.discovery.DiscoveryClient    : Force full registry fetch : false
2021-11-11 08:16:43.089  INFO 2828 --- [restartedMain] com.netflix.discovery.DiscoveryClient    : Application is null : false
2021-11-11 08:16:43.090  INFO 2828 --- [restartedMain] com.netflix.discovery.DiscoveryClient    : Registered Applications size is zero : true
2021-11-11 08:16:43.090  INFO 2828 --- [restartedMain] com.netflix.discovery.DiscoveryClient    : Application version is -1: true
2021-11-11 08:16:43.090  INFO 2828 --- [restartedMain] com.netflix.discovery.DiscoveryClient    : Getting all instance registry info from the eureka server
2021-11-11 08:16:43.353  INFO 2828 --- [restartedMain] com.netflix.discovery.DiscoveryClient    : The response status is 200
2021-11-11 08:16:43.357  INFO 2828 --- [restartedMain] com.netflix.discovery.DiscoveryClient    : Starting heartbeat executor: renew interval is: 30
2021-11-11 08:16:43.361  INFO 2828 --- [restartedMain] c.n.discovery.InstanceInfoReplicator     : InstanceInfoReplicator onDemand update allowed rate per min is 4
2021-11-11 08:16:43.368  INFO 2828 --- [restartedMain] com.netflix.discovery.DiscoveryClient    : Discovery Client initialized at timestamp 1636598803365 with initial instances count: 2
2021-11-11 08:16:43.371  INFO 2828 --- [restartedMain] o.s.c.n.e.s.EurekaServiceRegistry        : Registering application ALBUMS-WS with eureka with status UP
2021-11-11 08:16:43.372  INFO 2828 --- [restartedMain] com.netflix.discovery.DiscoveryClient    : Saw local status change event StatusChangeEvent [timestamp=1636598803372, current=UP, previous=STARTING]
2021-11-11 08:16:43.377  INFO 2828 --- [DiscoveryClient-InstanceInfoReplicator-0] com.netflix.discovery.DiscoveryClient    : DiscoveryClient_ALBUMS-WS/albums-ws:5bc0db2cdeff29edda9a594e8991b057: registering service...
2021-11-11 08:16:43.378  INFO 2828 --- [restartedMain] c.a.p.a.a.PhotoAppApiAlbumsApplication   : Started PhotoAppApiAlbumsApplication in 13.675 seconds (JVM running for 15.419)
2021-11-11 08:16:43.431  INFO 2828 --- [DiscoveryClient-InstanceInfoReplicator-0] com.netflix.discovery.DiscoveryClient    : DiscoveryClient_ALBUMS-WS/albums-ws:5bc0db2cdeff29edda9a594e8991b057 - registration status: 204
2021-11-11 08:19:31.185  INFO 2828 --- [Thread-1] o.s.c.n.e.s.EurekaServiceRegistry        : Unregistering application ALBUMS-WS with eureka with status DOWN
2021-11-11 08:19:31.185  WARN 2828 --- [Thread-1] com.netflix.discovery.DiscoveryClient    : Saw local status change event StatusChangeEvent [timestamp=1636598971185, current=DOWN, previous=UP]
2021-11-11 08:19:31.186  INFO 2828 --- [DiscoveryClient-InstanceInfoReplicator-0] com.netflix.discovery.DiscoveryClient    : DiscoveryClient_ALBUMS-WS/albums-ws:5bc0db2cdeff29edda9a594e8991b057: registering service...
2021-11-11 08:19:31.192  INFO 2828 --- [DiscoveryClient-InstanceInfoReplicator-0] com.netflix.discovery.DiscoveryClient    : DiscoveryClient_ALBUMS-WS/albums-ws:5bc0db2cdeff29edda9a594e8991b057 - registration status: 204
2021-11-11 08:19:31.195  INFO 2828 --- [Thread-1] o.s.s.concurrent.ThreadPoolTaskExecutor  : Shutting down ExecutorService 'applicationTaskExecutor'
2021-11-11 08:19:31.200  INFO 2828 --- [Thread-1] com.netflix.discovery.DiscoveryClient    : Shutting down DiscoveryClient ...
2021-11-11 08:19:34.204  INFO 2828 --- [Thread-1] com.netflix.discovery.DiscoveryClient    : Unregistering ...
2021-11-11 08:19:34.253  INFO 2828 --- [Thread-1] com.netflix.discovery.DiscoveryClient    : DiscoveryClient_ALBUMS-WS/albums-ws:5bc0db2cdeff29edda9a594e8991b057 - deregister  status: 200
2021-11-11 08:19:34.321  INFO 2828 --- [Thread-1] com.netflix.discovery.DiscoveryClient    : Completed shut down of DiscoveryClient
2021-11-11 08:19:36.316  INFO 2828 --- [restartedMain] c.a.p.a.a.PhotoAppApiAlbumsApplication   : No active profile set, falling back to default profiles: default
2021-11-11 08:19:39.570  INFO 2828 --- [restartedMain] o.s.cloud.context.scope.GenericScope     : BeanFactory id=89ab7fb8-937e-3ce1-9610-146928291514
2021-11-11 08:19:39.800  INFO 2828 --- [restartedMain] trationDelegate$BeanPostProcessorChecker : Bean 'org.springframework.cloud.autoconfigure.ConfigurationPropertiesRebinderAutoConfiguration' of type [org.springframework.cloud.autoconfigure.ConfigurationPropertiesRebinderAutoConfiguration$$EnhancerBySpringCGLIB$$cb2bda74] is not eligible for getting processed by all BeanPostProcessors (for example: not eligible for auto-proxying)
2021-11-11 08:19:40.596  INFO 2828 --- [restartedMain] o.s.b.w.embedded.tomcat.TomcatWebServer  : Tomcat initialized with port(s): 0 (http)
2021-11-11 08:19:40.603  INFO 2828 --- [restartedMain] o.apache.catalina.core.StandardService   : Starting service [Tomcat]
2021-11-11 08:19:40.604  INFO 2828 --- [restartedMain] org.apache.catalina.core.StandardEngine  : Starting Servlet engine: [Apache Tomcat/9.0.14]
2021-11-11 08:19:40.692  INFO 2828 --- [restartedMain] o.a.c.c.C.[Tomcat].[localhost].[/]       : Initializing Spring embedded WebApplicationContext
2021-11-11 08:19:40.693  INFO 2828 --- [restartedMain] o.s.web.context.ContextLoader            : Root WebApplicationContext: initialization completed in 4363 ms
2021-11-11 08:19:41.653  WARN 2828 --- [restartedMain] c.n.c.sources.URLConfigurationSource     : No URLs will be polled as dynamic configuration sources.
2021-11-11 08:19:41.654  INFO 2828 --- [restartedMain] c.n.c.sources.URLConfigurationSource     : To enable URLs as dynamic configuration sources, define System property archaius.configurationSource.additionalUrls or make config.properties available on classpath.
2021-11-11 08:19:41.738  INFO 2828 --- [restartedMain] o.s.s.concurrent.ThreadPoolTaskExecutor  : Initializing ExecutorService 'applicationTaskExecutor'
2021-11-11 08:19:42.786  WARN 2828 --- [restartedMain] o.s.b.d.a.OptionalLiveReloadServer       : Unable to start LiveReload server
2021-11-11 08:19:43.229  INFO 2828 --- [restartedMain] o.s.b.a.e.web.EndpointLinksResolver      : Exposing 2 endpoint(s) beneath base path '/actuator'
2021-11-11 08:19:43.440  INFO 2828 --- [restartedMain] o.s.b.w.embedded.tomcat.TomcatWebServer  : Tomcat started on port(s): 51356 (http) with context path ''
2021-11-11 08:19:43.441  INFO 2828 --- [restartedMain] .s.c.n.e.s.EurekaAutoServiceRegistration : Updating port to 51356
2021-11-11 08:19:43.445  INFO 2828 --- [restartedMain] o.s.c.n.eureka.InstanceInfoFactory       : Setting initial instance status as: STARTING
2021-11-11 08:19:43.450  INFO 2828 --- [restartedMain] com.netflix.discovery.DiscoveryClient    : Initializing Eureka in region us-east-1
2021-11-11 08:19:43.459  INFO 2828 --- [restartedMain] c.n.d.provider.DiscoveryJerseyProvider   : Using JSON encoding codec LegacyJacksonJson
2021-11-11 08:19:43.462  INFO 2828 --- [restartedMain] c.n.d.provider.DiscoveryJerseyProvider   : Using JSON decoding codec LegacyJacksonJson
2021-11-11 08:19:43.463  INFO 2828 --- [restartedMain] c.n.d.provider.DiscoveryJerseyProvider   : Using XML encoding codec XStreamXml
2021-11-11 08:19:43.463  INFO 2828 --- [restartedMain] c.n.d.provider.DiscoveryJerseyProvider   : Using XML decoding codec XStreamXml
2021-11-11 08:19:43.784  INFO 2828 --- [restartedMain] c.n.d.s.r.aws.ConfigClusterResolver      : Resolving eureka endpoints via configuration
2021-11-11 08:19:43.806  INFO 2828 --- [restartedMain] com.netflix.discovery.DiscoveryClient    : Disable delta property : false
2021-11-11 08:19:43.806  INFO 2828 --- [restartedMain] com.netflix.discovery.DiscoveryClient    : Single vip registry refresh property : null
2021-11-11 08:19:43.807  INFO 2828 --- [restartedMain] com.netflix.discovery.DiscoveryClient    : Force full registry fetch : false
2021-11-11 08:19:43.811  INFO 2828 --- [restartedMain] com.netflix.discovery.DiscoveryClient    : Application is null : false
2021-11-11 08:19:44.010  INFO 2828 --- [restartedMain] com.netflix.discovery.DiscoveryClient    : Registered Applications size is zero : true
2021-11-11 08:19:44.011  INFO 2828 --- [restartedMain] com.netflix.discovery.DiscoveryClient    : Application version is -1: true
2021-11-11 08:19:44.011  INFO 2828 --- [restartedMain] com.netflix.discovery.DiscoveryClient    : Getting all instance registry info from the eureka server
2021-11-11 08:19:44.021  INFO 2828 --- [restartedMain] com.netflix.discovery.DiscoveryClient    : The response status is 200
2021-11-11 08:19:44.022  INFO 2828 --- [restartedMain] com.netflix.discovery.DiscoveryClient    : Starting heartbeat executor: renew interval is: 30
2021-11-11 08:19:44.023  INFO 2828 --- [restartedMain] c.n.discovery.InstanceInfoReplicator     : InstanceInfoReplicator onDemand update allowed rate per min is 4
2021-11-11 08:19:44.025  INFO 2828 --- [restartedMain] com.netflix.discovery.DiscoveryClient    : Discovery Client initialized at timestamp 1636598984025 with initial instances count: 3
2021-11-11 08:19:44.025  INFO 2828 --- [restartedMain] o.s.c.n.e.s.EurekaServiceRegistry        : Registering application ALBUMS-WS with eureka with status UP
2021-11-11 08:19:44.026  INFO 2828 --- [restartedMain] com.netflix.discovery.DiscoveryClient    : Saw local status change event StatusChangeEvent [timestamp=1636598984026, current=UP, previous=STARTING]
2021-11-11 08:19:44.027  INFO 2828 --- [restartedMain] c.a.p.a.a.PhotoAppApiAlbumsApplication   : Started PhotoAppApiAlbumsApplication in 9.426 seconds (JVM running for 196.068)
2021-11-11 08:19:44.032  INFO 2828 --- [restartedMain] .ConditionEvaluationDeltaLoggingListener : Condition evaluation unchanged
2021-11-11 08:19:44.031  INFO 2828 --- [DiscoveryClient-InstanceInfoReplicator-0] com.netflix.discovery.DiscoveryClient    : DiscoveryClient_ALBUMS-WS/albums-ws:ba42e954a929106328e748a8d1a942a0: registering service...
2021-11-11 08:19:44.048  INFO 2828 --- [DiscoveryClient-InstanceInfoReplicator-0] com.netflix.discovery.DiscoveryClient    : DiscoveryClient_ALBUMS-WS/albums-ws:ba42e954a929106328e748a8d1a942a0 - registration status: 204
2021-11-11 08:24:44.030  INFO 2828 --- [AsyncResolver-bootstrap-executor-0] c.n.d.s.r.aws.ConfigClusterResolver      : Resolving eureka endpoints via configuration
2021-11-11 08:29:44.033  INFO 2828 --- [AsyncResolver-bootstrap-executor-0] c.n.d.s.r.aws.ConfigClusterResolver      : Resolving eureka endpoints via configuration
2021-11-11 08:34:44.040  INFO 2828 --- [AsyncResolver-bootstrap-executor-0] c.n.d.s.r.aws.ConfigClusterResolver      : Resolving eureka endpoints via configuration
2021-11-11 08:39:44.049  INFO 2828 --- [AsyncResolver-bootstrap-executor-0] c.n.d.s.r.aws.ConfigClusterResolver      : Resolving eureka endpoints via configuration
2021-11-11 08:44:44.061  INFO 2828 --- [AsyncResolver-bootstrap-executor-0] c.n.d.s.r.aws.ConfigClusterResolver      : Resolving eureka endpoints via configuration
2021-11-11 08:47:34.516  INFO 2828 --- [http-nio-auto-2-exec-1] o.a.c.c.C.[Tomcat].[localhost].[/]       : Initializing Spring DispatcherServlet 'dispatcherServlet'
2021-11-11 08:47:34.516  INFO 2828 --- [http-nio-auto-2-exec-1] o.s.web.servlet.DispatcherServlet        : Initializing Servlet 'dispatcherServlet'
2021-11-11 08:47:34.529  INFO 2828 --- [http-nio-auto-2-exec-1] o.s.web.servlet.DispatcherServlet        : Completed initialization in 12 ms
2021-11-11 08:47:34.870  INFO 2828 --- [http-nio-auto-2-exec-1] c.a.p.a.a.i.c.AlbumsController           : Returning 2 albums
2021-11-11 08:47:34.985  INFO 2828 --- [http-nio-auto-2-exec-1] c.a.p.a.a.i.c.AlbumsController           : Returning 2 albums
2021-11-11 08:51:12.077  INFO 9788 --- [restartedMain] c.a.p.a.a.PhotoAppApiAlbumsApplication   : No active profile set, falling back to default profiles: default
2021-11-11 08:51:13.453  WARN 9788 --- [restartedMain] o.s.boot.actuate.endpoint.EndpointId     : Endpoint ID 'service-registry' contains invalid characters, please migrate to a valid format.
2021-11-11 08:51:13.826  INFO 9788 --- [restartedMain] o.s.cloud.context.scope.GenericScope     : BeanFactory id=89ab7fb8-937e-3ce1-9610-146928291514
2021-11-11 08:51:13.969  INFO 9788 --- [restartedMain] trationDelegate$BeanPostProcessorChecker : Bean 'org.springframework.cloud.autoconfigure.ConfigurationPropertiesRebinderAutoConfiguration' of type [org.springframework.cloud.autoconfigure.ConfigurationPropertiesRebinderAutoConfiguration$$EnhancerBySpringCGLIB$$6873eb5f] is not eligible for getting processed by all BeanPostProcessors (for example: not eligible for auto-proxying)
2021-11-11 08:51:14.856  INFO 9788 --- [restartedMain] o.s.b.w.embedded.tomcat.TomcatWebServer  : Tomcat initialized with port(s): 0 (http)
2021-11-11 08:51:14.901  INFO 9788 --- [restartedMain] o.apache.catalina.core.StandardService   : Starting service [Tomcat]
2021-11-11 08:51:14.902  INFO 9788 --- [restartedMain] org.apache.catalina.core.StandardEngine  : Starting Servlet engine: [Apache Tomcat/9.0.14]
2021-11-11 08:51:14.918  INFO 9788 --- [restartedMain] o.a.catalina.core.AprLifecycleListener   : The APR based Apache Tomcat Native library which allows optimal performance in production environments was not found on the java.library.path: [C:\Users\Saddam Hussain\.p2\pool\plugins\org.eclipse.justj.openjdk.hotspot.jre.full.win32.x86_64_15.0.2.v20210201-0955\jre\bin;C:\WINDOWS\Sun\Java\bin;C:\WINDOWS\system32;C:\WINDOWS;C:/Users/Saddam Hussain/.p2/pool/plugins/org.eclipse.justj.openjdk.hotspot.jre.full.win32.x86_64_15.0.2.v20210201-0955/jre/bin/server;C:/Users/Saddam Hussain/.p2/pool/plugins/org.eclipse.justj.openjdk.hotspot.jre.full.win32.x86_64_15.0.2.v20210201-0955/jre/bin;C:\Program Files (x86)\Common Files\Oracle\Java\javapath;C:\WINDOWS\system32;C:\WINDOWS;C:\WINDOWS\System32\Wbem;C:\WINDOWS\System32\WindowsPowerShell\v1.0\;C:\Program Files\Microsoft VS Code\bin;C:\Program Files\nodejs\;C:\WINDOWS\System32\OpenSSH\;C:\Program Files\Git\cmd;C:\Program Files\apache-maven-3.8.1-bin\apache-maven-3.8.1\bin;C:\Program Files\Java\jdk1.8.0_281\bin;C:\Program Files (x86)\Brackets\command;C:\Users\Saddam Hussain\AppData\Roaming\npm;C:\Users\Saddam Hussain\AppData\Local\Microsoft\WindowsApps;C:\Program Files\sonarqube-6.3.1\bin;;C:\Users\Saddam Hussain\Desktop;;.]
2021-11-11 08:51:15.133  INFO 9788 --- [restartedMain] o.a.c.c.C.[Tomcat].[localhost].[/]       : Initializing Spring embedded WebApplicationContext
2021-11-11 08:51:15.134  INFO 9788 --- [restartedMain] o.s.web.context.ContextLoader            : Root WebApplicationContext: initialization completed in 3035 ms
2021-11-11 08:51:15.303  WARN 9788 --- [restartedMain] c.n.c.sources.URLConfigurationSource     : No URLs will be polled as dynamic configuration sources.
2021-11-11 08:51:15.303  INFO 9788 --- [restartedMain] c.n.c.sources.URLConfigurationSource     : To enable URLs as dynamic configuration sources, define System property archaius.configurationSource.additionalUrls or make config.properties available on classpath.
2021-11-11 08:51:15.326  INFO 9788 --- [restartedMain] c.netflix.config.DynamicPropertyFactory  : DynamicPropertyFactory is initialized with configuration sources: com.netflix.config.ConcurrentCompositeConfiguration@6087cc61
2021-11-11 08:51:16.050  WARN 9788 --- [restartedMain] c.n.c.sources.URLConfigurationSource     : No URLs will be polled as dynamic configuration sources.
2021-11-11 08:51:16.051  INFO 9788 --- [restartedMain] c.n.c.sources.URLConfigurationSource     : To enable URLs as dynamic configuration sources, define System property archaius.configurationSource.additionalUrls or make config.properties available on classpath.
2021-11-11 08:51:16.302  INFO 9788 --- [restartedMain] o.s.s.concurrent.ThreadPoolTaskExecutor  : Initializing ExecutorService 'applicationTaskExecutor'
2021-11-11 08:51:16.822  WARN 9788 --- [restartedMain] o.s.b.d.a.OptionalLiveReloadServer       : Unable to start LiveReload server
2021-11-11 08:51:17.075  INFO 9788 --- [restartedMain] o.s.b.a.e.web.EndpointLinksResolver      : Exposing 2 endpoint(s) beneath base path '/actuator'
2021-11-11 08:51:17.248  INFO 9788 --- [restartedMain] o.s.b.w.embedded.tomcat.TomcatWebServer  : Tomcat started on port(s): 52002 (http) with context path ''
2021-11-11 08:51:17.250  INFO 9788 --- [restartedMain] .s.c.n.e.s.EurekaAutoServiceRegistration : Updating port to 52002
2021-11-11 08:51:17.258  INFO 9788 --- [restartedMain] o.s.c.n.eureka.InstanceInfoFactory       : Setting initial instance status as: STARTING
2021-11-11 08:51:17.329  INFO 9788 --- [restartedMain] com.netflix.discovery.DiscoveryClient    : Initializing Eureka in region us-east-1
2021-11-11 08:51:17.598  INFO 9788 --- [restartedMain] c.n.d.provider.DiscoveryJerseyProvider   : Using JSON encoding codec LegacyJacksonJson
2021-11-11 08:51:17.598  INFO 9788 --- [restartedMain] c.n.d.provider.DiscoveryJerseyProvider   : Using JSON decoding codec LegacyJacksonJson
2021-11-11 08:51:17.908  INFO 9788 --- [restartedMain] c.n.d.provider.DiscoveryJerseyProvider   : Using XML encoding codec XStreamXml
2021-11-11 08:51:17.908  INFO 9788 --- [restartedMain] c.n.d.provider.DiscoveryJerseyProvider   : Using XML decoding codec XStreamXml
2021-11-11 08:51:18.273  INFO 9788 --- [restartedMain] c.n.d.s.r.aws.ConfigClusterResolver      : Resolving eureka endpoints via configuration
2021-11-11 08:51:18.311  INFO 9788 --- [restartedMain] com.netflix.discovery.DiscoveryClient    : Disable delta property : false
2021-11-11 08:51:18.311  INFO 9788 --- [restartedMain] com.netflix.discovery.DiscoveryClient    : Single vip registry refresh property : null
2021-11-11 08:51:18.311  INFO 9788 --- [restartedMain] com.netflix.discovery.DiscoveryClient    : Force full registry fetch : false
2021-11-11 08:51:18.311  INFO 9788 --- [restartedMain] com.netflix.discovery.DiscoveryClient    : Application is null : false
2021-11-11 08:51:18.311  INFO 9788 --- [restartedMain] com.netflix.discovery.DiscoveryClient    : Registered Applications size is zero : true
2021-11-11 08:51:18.312  INFO 9788 --- [restartedMain] com.netflix.discovery.DiscoveryClient    : Application version is -1: true
2021-11-11 08:51:18.312  INFO 9788 --- [restartedMain] com.netflix.discovery.DiscoveryClient    : Getting all instance registry info from the eureka server
2021-11-11 08:51:18.549  INFO 9788 --- [restartedMain] com.netflix.discovery.DiscoveryClient    : The response status is 200
2021-11-11 08:51:18.553  INFO 9788 --- [restartedMain] com.netflix.discovery.DiscoveryClient    : Starting heartbeat executor: renew interval is: 30
2021-11-11 08:51:18.556  INFO 9788 --- [restartedMain] c.n.discovery.InstanceInfoReplicator     : InstanceInfoReplicator onDemand update allowed rate per min is 4
2021-11-11 08:51:18.560  INFO 9788 --- [restartedMain] com.netflix.discovery.DiscoveryClient    : Discovery Client initialized at timestamp 1636600878558 with initial instances count: 3
2021-11-11 08:51:18.561  INFO 9788 --- [restartedMain] o.s.c.n.e.s.EurekaServiceRegistry        : Registering application ALBUMS-WS with eureka with status UP
2021-11-11 08:51:18.562  INFO 9788 --- [restartedMain] com.netflix.discovery.DiscoveryClient    : Saw local status change event StatusChangeEvent [timestamp=1636600878562, current=UP, previous=STARTING]
2021-11-11 08:51:18.565  INFO 9788 --- [DiscoveryClient-InstanceInfoReplicator-0] com.netflix.discovery.DiscoveryClient    : DiscoveryClient_ALBUMS-WS/albums-ws:7a519090742a653b455a14c22cbac766: registering service...
2021-11-11 08:51:18.570  INFO 9788 --- [restartedMain] c.a.p.a.a.PhotoAppApiAlbumsApplication   : Started PhotoAppApiAlbumsApplication in 8.296 seconds (JVM running for 9.262)
2021-11-11 08:51:18.610  INFO 9788 --- [DiscoveryClient-InstanceInfoReplicator-0] com.netflix.discovery.DiscoveryClient    : DiscoveryClient_ALBUMS-WS/albums-ws:7a519090742a653b455a14c22cbac766 - registration status: 204
2021-11-11 08:52:10.457  INFO 9788 --- [http-nio-auto-1-exec-1] o.a.c.c.C.[Tomcat].[localhost].[/]       : Initializing Spring DispatcherServlet 'dispatcherServlet'
2021-11-11 08:52:10.458  INFO 9788 --- [http-nio-auto-1-exec-1] o.s.web.servlet.DispatcherServlet        : Initializing Servlet 'dispatcherServlet'
2021-11-11 08:52:10.472  INFO 9788 --- [http-nio-auto-1-exec-1] o.s.web.servlet.DispatcherServlet        : Completed initialization in 14 ms
2021-11-11 08:52:10.723  INFO 9788 --- [http-nio-auto-1-exec-1] c.a.p.a.a.i.c.AlbumsController           : Returning 2 albums
2021-11-11 08:52:10.802  INFO 9788 --- [http-nio-auto-1-exec-2] c.a.p.a.a.i.c.AlbumsController           : Returning 2 albums
2021-11-11 08:56:18.326  INFO 9788 --- [AsyncResolver-bootstrap-executor-0] c.n.d.s.r.aws.ConfigClusterResolver      : Resolving eureka endpoints via configuration
2021-11-11 08:57:06.186  INFO 9788 --- [http-nio-auto-1-exec-3] c.a.p.a.a.i.c.AlbumsController           : Returning 2 albums
2021-11-11 08:57:06.210  INFO 9788 --- [http-nio-auto-1-exec-5] c.a.p.a.a.i.c.AlbumsController           : Returning 2 albums
2021-11-11 08:57:06.222  INFO 9788 --- [http-nio-auto-1-exec-6] c.a.p.a.a.i.c.AlbumsController           : Returning 2 albums
2021-11-11 08:57:13.122  INFO 9788 --- [http-nio-auto-1-exec-4] c.a.p.a.a.i.c.AlbumsController           : Returning 2 albums
2021-11-11 08:57:13.137  INFO 9788 --- [http-nio-auto-1-exec-4] c.a.p.a.a.i.c.AlbumsController           : Returning 2 albums
2021-11-11 08:57:13.150  INFO 9788 --- [http-nio-auto-1-exec-8] c.a.p.a.a.i.c.AlbumsController           : Returning 2 albums
2021-11-11 08:57:41.026  INFO 9788 --- [http-nio-auto-1-exec-10] c.a.p.a.a.i.c.AlbumsController           : Returning 2 albums
2021-11-11 08:57:41.039  INFO 9788 --- [http-nio-auto-1-exec-2] c.a.p.a.a.i.c.AlbumsController           : Returning 2 albums
2021-11-11 08:57:41.052  INFO 9788 --- [http-nio-auto-1-exec-1] c.a.p.a.a.i.c.AlbumsController           : Returning 2 albums
2021-11-11 09:01:18.340  INFO 9788 --- [AsyncResolver-bootstrap-executor-0] c.n.d.s.r.aws.ConfigClusterResolver      : Resolving eureka endpoints via configuration
2021-11-11 09:06:18.349  INFO 9788 --- [AsyncResolver-bootstrap-executor-0] c.n.d.s.r.aws.ConfigClusterResolver      : Resolving eureka endpoints via configuration
